<?xml version="1.0" encoding="UTF-8"?>
<!-- Generated by org.testng.reporters.JUnitReportReporter -->
<testsuite skipped="0" hostname="DESKTOP-O3E0A86" name="TestCases.BrowserStackSampleTest3" tests="1" failures="0" timestamp="2020-07-05T20:45:02 IST" time="3.155" errors="0">
  <testcase name="simpleTest" time="3.155" classname="TestCases.BrowserStackSampleTest3"/>
  <system-out/>
</testsuite> <!-- TestCases.BrowserStackSampleTest3 -->
