<?xml version="1.0" encoding="UTF-8"?>
<!-- Generated by org.testng.reporters.JUnitReportReporter -->
<testsuite skipped="0" hostname="DESKTOP-O3E0A86" name="TestCases.TestCase001" tests="4" failures="0" timestamp="2020-07-03T13:08:19 IST" time="0.846" errors="0">
  <testcase name="test002" time="0.088" classname="TestCases.TestCase001"/>
  <system-out/>
  <testcase name="test002" time="0.023" classname="TestCases.TestCase001"/>
  <system-out/>
  <testcase name="test001" time="0.724" classname="TestCases.TestCase001"/>
  <system-out/>
  <testcase name="test001" time="0.011" classname="TestCases.TestCase001"/>
  <system-out/>
</testsuite> <!-- TestCases.TestCase001 -->
