<?xml version="1.0" encoding="UTF-8"?>
<!-- Generated by org.testng.reporters.JUnitReportReporter -->
<testsuite skipped="0" hostname="DESKTOP-O3E0A86" name="TestCases.BrowserStackSampleTest2" tests="1" failures="0" timestamp="2020-07-04T09:27:45 IST" time="15.665" errors="0">
  <testcase name="simpleTest" time="15.665" classname="TestCases.BrowserStackSampleTest2"/>
  <system-out/>
</testsuite> <!-- TestCases.BrowserStackSampleTest2 -->
